mode: set
voice/backend/story/internal/authctx/authctx.go:16.56,18.9 2 1
voice/backend/story/internal/authctx/authctx.go:18.9,20.3 1 1
voice/backend/story/internal/authctx/authctx.go:21.2,22.37 2 1
voice/backend/story/internal/authctx/authctx.go:22.37,24.3 1 0
voice/backend/story/internal/authctx/authctx.go:25.2,26.16 2 1
voice/backend/story/internal/authctx/authctx.go:26.16,28.3 1 0
voice/backend/story/internal/authctx/authctx.go:29.2,29.16 1 1
voice/backend/story/internal/authctx/authctx.go:35.32,35.60 1 0
voice/backend/story/internal/authctx/authctx.go:41.39,41.67 1 0
voice/backend/story/internal/authctx/authctx.go:45.39,45.67 1 0
voice/backend/story/internal/s2s/forward_meta.go:10.67,12.25 2 1
voice/backend/story/internal/s2s/forward_meta.go:12.25,14.3 1 1
voice/backend/story/internal/s2s/forward_meta.go:15.2,15.52 1 1
voice/backend/story/internal/storyevents/jetstream.go:44.73,45.19 1 0
voice/backend/story/internal/storyevents/jetstream.go:45.19,47.3 1 0
voice/backend/story/internal/storyevents/jetstream.go:48.2,55.16 2 0
voice/backend/story/internal/storyevents/jetstream.go:55.16,57.3 1 0
voice/backend/story/internal/storyevents/jetstream.go:58.2,59.16 2 0
voice/backend/story/internal/storyevents/jetstream.go:59.16,62.3 2 0
voice/backend/story/internal/storyevents/jetstream.go:63.2,63.49 1 0
voice/backend/story/internal/storyevents/jetstream.go:66.51,67.29 1 0
voice/backend/story/internal/storyevents/jetstream.go:67.29,69.3 1 0
voice/backend/story/internal/storyevents/jetstream.go:70.2,70.25 1 0
voice/backend/story/internal/storyevents/jetstream.go:70.25,71.56 1 0
voice/backend/story/internal/storyevents/jetstream.go:71.56,73.4 1 0
voice/backend/story/internal/storyevents/jetstream.go:74.3,87.5 1 0
voice/backend/story/internal/storyevents/jetstream.go:89.2,89.20 1 0
voice/backend/story/internal/storyevents/jetstream.go:92.118,93.41 1 0
voice/backend/story/internal/storyevents/jetstream.go:93.41,95.3 1 0
voice/backend/story/internal/storyevents/jetstream.go:96.2,97.16 2 0
voice/backend/story/internal/storyevents/jetstream.go:97.16,99.3 1 0
voice/backend/story/internal/storyevents/jetstream.go:100.2,103.48 4 0
voice/backend/story/internal/storyevents/jetstream.go:103.48,105.3 1 0
voice/backend/story/internal/storyevents/jetstream.go:106.2,107.54 2 0
voice/backend/story/internal/storyevents/jetstream.go:107.54,109.3 1 0
voice/backend/story/internal/storyevents/jetstream.go:110.2,110.51 1 0
voice/backend/story/internal/storyevents/jetstream.go:110.51,112.3 1 0
voice/backend/story/internal/storyevents/jetstream.go:113.2,114.12 2 0
voice/backend/story/internal/storyevents/jetstream.go:117.49,122.2 1 0
voice/backend/story/internal/storyevents/jetstream.go:125.158,132.38 2 0
voice/backend/story/internal/storyevents/jetstream.go:132.38,134.3 1 0
voice/backend/story/internal/storyevents/jetstream.go:135.2,137.54 3 0
voice/backend/story/internal/storyevents/jetstream.go:141.109,150.2 3 0
voice/backend/story/internal/storyevents/jetstream.go:153.118,163.2 3 0
voice/backend/story/internal/storyevents/jetstream.go:166.93,172.2 3 0
voice/backend/story/internal/storyevents/jetstream.go:175.117,184.2 3 0
voice/backend/story/internal/storyevents/jetstream.go:187.127,197.2 3 0
voice/backend/story/internal/storyevents/jetstream.go:200.44,201.29 1 0
voice/backend/story/internal/storyevents/jetstream.go:201.29,203.3 1 0
voice/backend/story/internal/storyevents/jetstream.go:204.2,204.21 1 0
voice/backend/story/internal/storyevents/publisher.go:19.107,21.2 1 0
voice/backend/story/internal/storyevents/publisher.go:22.80,22.94 1 0
voice/backend/story/internal/storyevents/publisher.go:23.89,25.2 1 0
voice/backend/story/internal/storyevents/publisher.go:26.73,26.87 1 0
voice/backend/story/internal/storyevents/publisher.go:27.90,29.2 1 0
voice/backend/story/internal/storyevents/publisher.go:30.92,32.2 1 0
voice/backend/story/internal/storyevents/publisher.go:33.36,33.50 1 0
voice/backend/story/internal/privacy/friends.go:28.59,31.16 3 1
voice/backend/story/internal/privacy/friends.go:31.16,33.17 2 0
voice/backend/story/internal/privacy/friends.go:33.17,34.21 1 0
voice/backend/story/internal/privacy/friends.go:34.21,36.5 1 0
voice/backend/story/internal/privacy/friends.go:37.9,39.4 1 0
voice/backend/story/internal/privacy/friends.go:41.2,42.83 2 1
voice/backend/story/internal/privacy/friends.go:42.83,44.17 2 0
voice/backend/story/internal/privacy/friends.go:44.17,45.21 1 0
voice/backend/story/internal/privacy/friends.go:45.21,47.5 1 0
voice/backend/story/internal/privacy/friends.go:48.9,50.4 1 0
voice/backend/story/internal/privacy/friends.go:52.2,52.81 1 1
voice/backend/story/internal/privacy/friends.go:56.113,59.2 2 1
voice/backend/story/internal/privacy/friends.go:62.101,63.33 1 1
voice/backend/story/internal/privacy/friends.go:63.33,65.3 1 1
voice/backend/story/internal/privacy/friends.go:66.2,70.16 2 0
voice/backend/story/internal/privacy/friends.go:70.16,72.3 1 0
voice/backend/story/internal/privacy/friends.go:73.2,73.31 1 0
voice/backend/story/internal/privacy/friends.go:77.110,78.33 1 0
voice/backend/story/internal/privacy/friends.go:78.33,80.3 1 0
voice/backend/story/internal/privacy/friends.go:81.2,85.16 2 0
voice/backend/story/internal/privacy/friends.go:85.16,87.3 1 0
voice/backend/story/internal/privacy/friends.go:88.2,88.31 1 0
voice/backend/story/internal/privacy/friends.go:92.122,93.38 1 0
voice/backend/story/internal/privacy/friends.go:93.38,95.3 1 0
voice/backend/story/internal/privacy/friends.go:96.2,101.16 2 0
voice/backend/story/internal/privacy/friends.go:101.16,103.3 1 0
voice/backend/story/internal/privacy/friends.go:104.2,104.33 1 0
voice/backend/story/internal/privacy/friends.go:108.112,111.33 3 0
voice/backend/story/internal/privacy/friends.go:111.33,113.3 1 0
voice/backend/story/internal/privacy/friends.go:114.2,118.16 2 0
voice/backend/story/internal/privacy/friends.go:118.16,120.3 1 0
voice/backend/story/internal/privacy/friends.go:121.2,121.57 1 0
voice/backend/story/internal/privacy/friends.go:121.57,123.17 2 0
voice/backend/story/internal/privacy/friends.go:123.17,124.12 1 0
voice/backend/story/internal/privacy/friends.go:126.3,126.32 1 0
voice/backend/story/internal/privacy/friends.go:126.32,127.12 1 0
voice/backend/story/internal/privacy/friends.go:129.3,130.28 2 0
voice/backend/story/internal/privacy/friends.go:132.2,132.17 1 0
voice/backend/story/health.go:13.49,15.73 2 1
voice/backend/story/health.go:15.73,16.33 1 1
voice/backend/story/health.go:16.33,20.4 3 1
voice/backend/story/health.go:21.3,22.99 2 1
voice/backend/story/health.go:22.99,24.4 1 0
voice/backend/story/health.go:26.2,26.12 1 1
voice/backend/story/main.go:31.13,34.44 3 0
voice/backend/story/main.go:34.44,36.3 1 0
voice/backend/story/main.go:37.2,38.69 2 0
voice/backend/story/main.go:38.69,40.3 1 0
voice/backend/story/main.go:42.2,44.17 3 0
voice/backend/story/main.go:44.17,48.17 4 0
voice/backend/story/main.go:48.17,50.4 1 0
voice/backend/story/main.go:51.3,54.17 3 0
voice/backend/story/main.go:54.17,56.4 1 0
voice/backend/story/main.go:57.3,66.13 10 0
voice/backend/story/main.go:66.13,67.45 1 0
voice/backend/story/main.go:67.45,69.5 1 0
voice/backend/story/main.go:71.3,74.78 3 0
voice/backend/story/main.go:77.2,88.12 5 0
voice/backend/story/main.go:88.12,90.3 1 0
voice/backend/story/main.go:92.2,94.9 3 0
voice/backend/story/main.go:95.22,96.48 1 0
voice/backend/story/main.go:96.48,98.4 1 0
voice/backend/story/main.go:99.14,100.21 1 0
voice/backend/story/main.go:100.21,102.4 1 0
voice/backend/story/main.go:103.3,105.46 3 0
voice/backend/story/main.go:105.46,107.4 1 0
voice/backend/story/internal/clients/clients.go:27.77,28.72 1 0
voice/backend/story/internal/clients/clients.go:28.72,30.17 2 0
voice/backend/story/internal/clients/clients.go:30.17,31.21 1 0
voice/backend/story/internal/clients/clients.go:31.21,33.5 1 0
voice/backend/story/internal/clients/clients.go:34.9,37.4 2 0
voice/backend/story/internal/clients/clients.go:38.8,40.3 1 0
voice/backend/story/internal/clients/clients.go:42.2,42.72 1 0
voice/backend/story/internal/clients/clients.go:42.72,43.42 1 0
voice/backend/story/internal/clients/clients.go:43.42,45.4 1 0
voice/backend/story/internal/clients/clients.go:45.9,45.27 1 0
voice/backend/story/internal/clients/clients.go:45.27,47.4 1 0
voice/backend/story/internal/clients/clients.go:50.2,50.77 1 0
voice/backend/story/internal/clients/clients.go:50.77,51.42 1 0
voice/backend/story/internal/clients/clients.go:51.42,53.4 1 0
voice/backend/story/internal/clients/clients.go:53.9,53.27 1 0
voice/backend/story/internal/clients/clients.go:53.27,55.4 1 0
voice/backend/story/internal/clients/clients.go:58.2,58.72 1 0
voice/backend/story/internal/clients/clients.go:58.72,59.42 1 0
voice/backend/story/internal/clients/clients.go:59.42,61.4 1 0
voice/backend/story/internal/clients/clients.go:61.9,61.27 1 0
voice/backend/story/internal/clients/clients.go:61.27,63.4 1 0
voice/backend/story/internal/clients/clients.go:66.2,66.80 1 0
voice/backend/story/internal/clients/clients.go:66.80,67.42 1 0
voice/backend/story/internal/clients/clients.go:67.42,69.4 1 0
voice/backend/story/internal/clients/clients.go:69.9,69.27 1 0
voice/backend/story/internal/clients/clients.go:69.27,71.4 1 0
voice/backend/story/internal/clients/clients.go:74.2,75.72 2 0
voice/backend/story/internal/clients/clients.go:75.72,76.42 1 0
voice/backend/story/internal/clients/clients.go:76.42,80.4 3 0
voice/backend/story/internal/clients/clients.go:80.9,80.27 1 0
voice/backend/story/internal/clients/clients.go:80.27,82.4 1 0
voice/backend/story/internal/clients/clients.go:84.2,84.16 1 0
voice/backend/story/internal/clients/clients.go:87.50,89.2 1 0
voice/backend/story/internal/clients/clients.go:95.114,97.2 1 0
voice/backend/story/internal/clients/clients.go:103.138,105.2 1 0
voice/backend/story/internal/clients/clients.go:112.116,113.33 1 0
voice/backend/story/internal/clients/clients.go:113.33,115.3 1 0
voice/backend/story/internal/clients/clients.go:116.2,119.16 2 0
voice/backend/story/internal/clients/clients.go:119.16,121.3 1 0
voice/backend/story/internal/clients/clients.go:122.2,122.75 1 0
voice/backend/story/internal/clients/clients.go:130.99,131.33 1 0
voice/backend/story/internal/clients/clients.go:131.33,133.3 1 0
voice/backend/story/internal/clients/clients.go:134.2,137.16 2 0
voice/backend/story/internal/clients/clients.go:137.16,139.3 1 0
voice/backend/story/internal/clients/clients.go:140.2,141.16 2 0
voice/backend/story/internal/clients/clients.go:141.16,143.3 1 0
voice/backend/story/internal/clients/clients.go:144.2,144.44 1 0
voice/backend/story/internal/clients/clients.go:145.32,146.19 1 0
voice/backend/story/internal/clients/clients.go:147.10,148.20 1 0
voice/backend/story/internal/clients/clients.go:157.76,158.33 1 0
voice/backend/story/internal/clients/clients.go:158.33,160.3 1 0
voice/backend/story/internal/clients/clients.go:161.2,162.12 2 0
voice/backend/story/internal/clients/clients.go:170.107,171.33 1 0
voice/backend/story/internal/clients/clients.go:171.33,173.3 1 0
voice/backend/story/internal/clients/clients.go:174.2,175.16 2 0
voice/backend/story/internal/clients/clients.go:175.16,177.3 1 0
voice/backend/story/internal/clients/clients.go:178.2,179.48 2 0
voice/backend/story/internal/clients/clients.go:179.48,181.3 1 0
voice/backend/story/internal/clients/clients.go:182.2,182.39 1 0
voice/backend/story/internal/jobs/jobs.go:18.120,19.33 1 1
voice/backend/story/internal/jobs/jobs.go:19.33,21.3 1 0
voice/backend/story/internal/jobs/jobs.go:22.2,23.16 2 1
voice/backend/story/internal/jobs/jobs.go:23.16,25.3 1 0
voice/backend/story/internal/jobs/jobs.go:26.2,26.20 1 1
voice/backend/story/internal/jobs/jobs.go:26.20,27.29 1 1
voice/backend/story/internal/jobs/jobs.go:27.29,28.30 1 1
voice/backend/story/internal/jobs/jobs.go:28.30,29.77 1 1
voice/backend/story/internal/jobs/jobs.go:29.77,31.6 1 0
voice/backend/story/internal/jobs/jobs.go:35.2,35.42 1 1
voice/backend/story/internal/jobs/jobs.go:39.115,40.15 1 1
voice/backend/story/internal/jobs/jobs.go:40.15,42.3 1 0
voice/backend/story/internal/jobs/jobs.go:43.2,43.12 1 1
voice/backend/story/internal/jobs/jobs.go:43.12,46.7 3 1
voice/backend/story/internal/jobs/jobs.go:46.7,47.11 1 1
voice/backend/story/internal/jobs/jobs.go:48.22,49.11 1 0
voice/backend/story/internal/jobs/jobs.go:50.20,52.36 2 0
voice/backend/story/internal/jobs/jobs.go:52.36,54.14 2 0
voice/backend/story/internal/jobs/jobs.go:56.5,56.19 1 0
voice/backend/story/internal/jobs/jobs.go:56.19,57.29 1 0
voice/backend/story/internal/jobs/jobs.go:57.29,59.7 1 0
voice/backend/story/internal/jobs/jobs.go:61.5,61.31 1 0
voice/backend/story/internal/jobs/jobs.go:61.31,63.6 1 0
voice/backend/story/internal/jobs/jobs.go:70.115,71.15 1 1
voice/backend/story/internal/jobs/jobs.go:71.15,73.3 1 0
voice/backend/story/internal/jobs/jobs.go:74.2,74.12 1 1
voice/backend/story/internal/jobs/jobs.go:74.12,77.7 3 1
voice/backend/story/internal/jobs/jobs.go:77.7,78.11 1 1
voice/backend/story/internal/jobs/jobs.go:79.22,80.11 1 0
voice/backend/story/internal/jobs/jobs.go:81.20,83.36 2 0
voice/backend/story/internal/jobs/jobs.go:83.36,85.6 1 0
voice/backend/story/internal/jobs/jobs.go:85.11,85.38 1 0
voice/backend/story/internal/jobs/jobs.go:85.38,87.6 1 0
voice/backend/story/internal/store/store.go:101.31,102.69 1 1
voice/backend/story/internal/store/store.go:102.69,103.61 1 0
voice/backend/story/internal/store/store.go:103.61,105.4 1 0
voice/backend/story/internal/store/store.go:107.2,107.23 1 1
voice/backend/story/internal/store/store.go:110.39,112.2 1 1
voice/backend/story/internal/store/store.go:115.95,116.31 1 1
voice/backend/story/internal/store/store.go:116.31,118.3 1 0
voice/backend/story/internal/store/store.go:119.2,123.20 5 1
voice/backend/story/internal/store/store.go:123.20,125.3 1 1
voice/backend/story/internal/store/store.go:126.2,142.16 4 1
voice/backend/story/internal/store/store.go:142.16,144.3 1 0
voice/backend/story/internal/store/store.go:145.2,145.28 1 1
voice/backend/story/internal/store/store.go:148.34,149.45 1 1
voice/backend/story/internal/store/store.go:149.45,151.3 1 1
voice/backend/story/internal/store/store.go:152.2,152.11 1 0
voice/backend/story/internal/store/store.go:156.90,157.31 1 1
voice/backend/story/internal/store/store.go:157.31,159.3 1 0
voice/backend/story/internal/store/store.go:160.2,165.35 3 1
voice/backend/story/internal/store/store.go:165.35,167.3 1 1
voice/backend/story/internal/store/store.go:168.2,168.17 1 1
voice/backend/story/internal/store/store.go:171.48,182.16 5 1
voice/backend/story/internal/store/store.go:182.16,184.3 1 1
voice/backend/story/internal/store/store.go:185.2,189.21 5 1
voice/backend/story/internal/store/store.go:189.21,191.3 1 1
voice/backend/story/internal/store/store.go:191.8,193.3 1 0
voice/backend/story/internal/store/store.go:194.2,194.18 1 1
voice/backend/story/internal/store/store.go:198.97,199.31 1 1
voice/backend/story/internal/store/store.go:199.31,201.3 1 0
voice/backend/story/internal/store/store.go:202.2,205.16 2 1
voice/backend/story/internal/store/store.go:205.16,207.3 1 0
voice/backend/story/internal/store/store.go:208.2,208.29 1 1
voice/backend/story/internal/store/store.go:208.29,210.3 1 0
voice/backend/story/internal/store/store.go:211.2,211.12 1 1
voice/backend/story/internal/store/store.go:215.112,216.31 1 1
voice/backend/story/internal/store/store.go:216.31,218.3 1 0
voice/backend/story/internal/store/store.go:219.2,220.16 2 1
voice/backend/story/internal/store/store.go:220.16,222.3 1 0
voice/backend/story/internal/store/store.go:223.2,230.16 4 1
voice/backend/story/internal/store/store.go:230.16,232.3 1 0
voice/backend/story/internal/store/store.go:233.2,239.16 2 1
voice/backend/story/internal/store/store.go:239.16,241.3 1 0
voice/backend/story/internal/store/store.go:242.2,242.13 1 1
voice/backend/story/internal/store/store.go:242.13,246.17 2 1
voice/backend/story/internal/store/store.go:246.17,248.4 1 0
voice/backend/story/internal/store/store.go:250.2,250.23 1 1
voice/backend/story/internal/store/store.go:254.95,255.31 1 1
voice/backend/story/internal/store/store.go:255.31,257.3 1 0
voice/backend/story/internal/store/store.go:258.2,264.16 2 1
voice/backend/story/internal/store/store.go:264.16,266.3 1 0
voice/backend/story/internal/store/store.go:267.2,269.18 3 1
voice/backend/story/internal/store/store.go:269.18,271.40 2 1
voice/backend/story/internal/store/store.go:271.40,273.4 1 0
voice/backend/story/internal/store/store.go:274.3,274.24 1 1
voice/backend/story/internal/store/store.go:276.2,276.24 1 1
voice/backend/story/internal/store/store.go:280.113,281.31 1 1
voice/backend/story/internal/store/store.go:281.31,283.3 1 0
voice/backend/story/internal/store/store.go:284.2,289.12 2 1
voice/backend/story/internal/store/store.go:293.123,294.31 1 0
voice/backend/story/internal/store/store.go:294.31,296.3 1 0
voice/backend/story/internal/store/store.go:297.2,297.16 1 0
voice/backend/story/internal/store/store.go:297.16,299.3 1 0
voice/backend/story/internal/store/store.go:300.2,302.16 3 0
voice/backend/story/internal/store/store.go:302.16,304.3 1 0
voice/backend/story/internal/store/store.go:306.2,307.23 2 0
voice/backend/story/internal/store/store.go:307.23,314.3 1 0
voice/backend/story/internal/store/store.go:314.8,322.3 1 0
voice/backend/story/internal/store/store.go:323.2,323.16 1 0
voice/backend/story/internal/store/store.go:323.16,325.3 1 0
voice/backend/story/internal/store/store.go:326.2,329.16 3 0
voice/backend/story/internal/store/store.go:329.16,331.3 1 0
voice/backend/story/internal/store/store.go:332.2,333.22 2 0
voice/backend/story/internal/store/store.go:333.22,336.3 2 0
voice/backend/story/internal/store/store.go:337.2,338.33 2 0
voice/backend/story/internal/store/store.go:338.33,341.3 2 0
voice/backend/story/internal/store/store.go:342.2,342.17 1 0
voice/backend/story/internal/store/store.go:345.58,347.2 1 0
voice/backend/story/internal/store/store.go:349.71,350.37 1 0
voice/backend/story/internal/store/store.go:350.37,352.3 1 0
voice/backend/story/internal/store/store.go:353.2,354.21 2 0
voice/backend/story/internal/store/store.go:354.21,356.3 1 0
voice/backend/story/internal/store/store.go:357.2,358.16 2 0
voice/backend/story/internal/store/store.go:358.16,360.3 1 0
voice/backend/story/internal/store/store.go:361.2,362.16 2 0
voice/backend/story/internal/store/store.go:362.16,364.3 1 0
voice/backend/story/internal/store/store.go:365.2,365.21 1 0
voice/backend/story/internal/store/store.go:369.109,370.31 1 0
voice/backend/story/internal/store/store.go:370.31,372.3 1 0
voice/backend/story/internal/store/store.go:373.2,378.16 2 0
voice/backend/story/internal/store/store.go:378.16,380.3 1 0
voice/backend/story/internal/store/store.go:381.2,383.18 3 0
voice/backend/story/internal/store/store.go:383.18,385.70 2 0
voice/backend/story/internal/store/store.go:385.70,387.4 1 0
voice/backend/story/internal/store/store.go:388.3,388.25 1 0
voice/backend/story/internal/store/store.go:390.2,390.24 1 0
voice/backend/story/internal/store/store.go:394.116,395.31 1 0
voice/backend/story/internal/store/store.go:395.31,397.3 1 0
voice/backend/story/internal/store/store.go:398.2,402.16 2 0
voice/backend/story/internal/store/store.go:402.16,404.3 1 0
voice/backend/story/internal/store/store.go:405.2,407.18 3 0
voice/backend/story/internal/store/store.go:407.18,409.67 2 0
voice/backend/story/internal/store/store.go:409.67,411.4 1 0
voice/backend/story/internal/store/store.go:412.3,412.25 1 0
voice/backend/story/internal/store/store.go:414.2,414.24 1 0
voice/backend/story/internal/store/store.go:418.92,419.31 1 1
voice/backend/story/internal/store/store.go:419.31,421.3 1 0
voice/backend/story/internal/store/store.go:422.2,422.16 1 1
voice/backend/story/internal/store/store.go:422.16,424.3 1 0
voice/backend/story/internal/store/store.go:425.2,431.16 2 1
voice/backend/story/internal/store/store.go:431.16,433.3 1 0
voice/backend/story/internal/store/store.go:434.2,435.28 2 1
voice/backend/story/internal/store/store.go:439.109,440.31 1 1
voice/backend/story/internal/store/store.go:440.31,442.3 1 0
voice/backend/story/internal/store/store.go:443.2,448.16 2 1
voice/backend/story/internal/store/store.go:448.16,450.3 1 0
voice/backend/story/internal/store/store.go:451.2,452.28 2 1
voice/backend/story/internal/store/store.go:455.55,457.18 2 1
voice/backend/story/internal/store/store.go:457.18,467.17 4 1
voice/backend/story/internal/store/store.go:467.17,469.4 1 0
voice/backend/story/internal/store/store.go:470.3,474.22 5 1
voice/backend/story/internal/store/store.go:474.22,476.4 1 1
voice/backend/story/internal/store/store.go:476.9,478.4 1 0
voice/backend/story/internal/store/store.go:479.3,479.25 1 1
voice/backend/story/internal/store/store.go:481.2,481.24 1 1
voice/backend/story/internal/store/store.go:485.96,486.31 1 1
voice/backend/story/internal/store/store.go:486.31,488.3 1 0
voice/backend/story/internal/store/store.go:489.2,495.16 2 1
voice/backend/story/internal/store/store.go:495.16,497.3 1 0
voice/backend/story/internal/store/store.go:498.2,499.28 2 1
voice/backend/story/internal/store/store.go:503.92,506.2 2 1
voice/backend/story/internal/store/store.go:509.114,510.31 1 1
voice/backend/story/internal/store/store.go:510.31,512.3 1 0
voice/backend/story/internal/store/store.go:513.2,517.16 2 1
voice/backend/story/internal/store/store.go:517.16,519.3 1 0
voice/backend/story/internal/store/store.go:520.2,522.18 3 1
voice/backend/story/internal/store/store.go:522.18,524.40 2 1
voice/backend/story/internal/store/store.go:524.40,526.4 1 0
voice/backend/story/internal/store/store.go:527.3,527.24 1 1
voice/backend/story/internal/store/store.go:529.2,529.35 1 1
voice/backend/story/internal/store/store.go:529.35,531.3 1 0
voice/backend/story/internal/store/store.go:532.2,532.34 1 1
voice/backend/story/internal/store/store.go:536.156,537.31 1 0
voice/backend/story/internal/store/store.go:537.31,539.3 1 0
voice/backend/story/internal/store/store.go:540.2,540.25 1 0
voice/backend/story/internal/store/store.go:540.25,542.3 1 0
voice/backend/story/internal/store/store.go:543.2,543.16 1 0
voice/backend/story/internal/store/store.go:543.16,545.3 1 0
voice/backend/story/internal/store/store.go:546.2,548.16 3 0
voice/backend/story/internal/store/store.go:548.16,550.3 1 0
voice/backend/story/internal/store/store.go:552.2,553.23 2 0
voice/backend/story/internal/store/store.go:553.23,561.3 1 0
voice/backend/story/internal/store/store.go:561.8,570.3 1 0
voice/backend/story/internal/store/store.go:571.2,571.16 1 0
voice/backend/story/internal/store/store.go:571.16,573.3 1 0
voice/backend/story/internal/store/store.go:574.2,577.16 3 0
voice/backend/story/internal/store/store.go:577.16,579.3 1 0
voice/backend/story/internal/store/store.go:580.2,581.22 2 0
voice/backend/story/internal/store/store.go:581.22,584.3 2 0
voice/backend/story/internal/store/store.go:585.2,586.33 2 0
voice/backend/story/internal/store/store.go:586.33,589.3 2 0
voice/backend/story/internal/store/store.go:590.2,590.17 1 0
voice/backend/story/internal/store/store.go:594.128,595.31 1 1
voice/backend/story/internal/store/store.go:595.31,597.3 1 0
voice/backend/story/internal/store/store.go:598.2,598.41 1 1
voice/backend/story/internal/store/store.go:598.41,600.3 1 0
voice/backend/story/internal/store/store.go:601.2,606.16 4 1
voice/backend/story/internal/store/store.go:606.16,608.3 1 0
voice/backend/story/internal/store/store.go:609.2,609.43 1 1
voice/backend/story/internal/store/store.go:612.113,619.35 5 1
voice/backend/story/internal/store/store.go:619.35,621.3 1 0
voice/backend/story/internal/store/store.go:622.2,622.16 1 1
voice/backend/story/internal/store/store.go:622.16,624.3 1 0
voice/backend/story/internal/store/store.go:625.2,627.16 3 1
voice/backend/story/internal/store/store.go:627.16,629.3 1 0
voice/backend/story/internal/store/store.go:630.2,631.18 2 1
voice/backend/story/internal/store/store.go:634.105,637.16 2 1
voice/backend/story/internal/store/store.go:637.16,639.3 1 0
voice/backend/story/internal/store/store.go:640.2,642.18 3 1
voice/backend/story/internal/store/store.go:642.18,644.40 2 1
voice/backend/story/internal/store/store.go:644.40,646.4 1 0
voice/backend/story/internal/store/store.go:647.3,647.24 1 1
voice/backend/story/internal/store/store.go:649.2,649.24 1 1
voice/backend/story/internal/store/store.go:653.141,654.31 1 1
voice/backend/story/internal/store/store.go:654.31,656.3 1 0
voice/backend/story/internal/store/store.go:657.2,657.74 1 1
voice/backend/story/internal/store/store.go:657.74,661.17 2 0
voice/backend/story/internal/store/store.go:661.17,663.4 1 0
voice/backend/story/internal/store/store.go:664.3,664.30 1 0
voice/backend/story/internal/store/store.go:664.30,666.4 1 0
voice/backend/story/internal/store/store.go:667.3,667.53 1 0
voice/backend/story/internal/store/store.go:669.2,669.35 1 1
voice/backend/story/internal/store/store.go:669.35,673.17 2 1
voice/backend/story/internal/store/store.go:673.17,675.4 1 0
voice/backend/story/internal/store/store.go:676.3,676.30 1 1
voice/backend/story/internal/store/store.go:676.30,678.4 1 0
voice/backend/story/internal/store/store.go:679.3,679.53 1 1
voice/backend/story/internal/store/store.go:681.2,681.41 1 0
voice/backend/story/internal/store/store.go:681.41,685.17 2 0
voice/backend/story/internal/store/store.go:685.17,687.4 1 0
voice/backend/story/internal/store/store.go:688.3,688.30 1 0
voice/backend/story/internal/store/store.go:688.30,690.4 1 0
voice/backend/story/internal/store/store.go:691.3,691.53 1 0
voice/backend/story/internal/store/store.go:693.2,693.25 1 0
voice/backend/story/internal/store/store.go:697.99,698.31 1 1
voice/backend/story/internal/store/store.go:698.31,700.3 1 0
voice/backend/story/internal/store/store.go:701.2,702.16 2 1
voice/backend/story/internal/store/store.go:702.16,704.3 1 0
voice/backend/story/internal/store/store.go:705.2,705.29 1 1
voice/backend/story/internal/store/store.go:705.29,707.3 1 0
voice/backend/story/internal/store/store.go:708.2,708.12 1 1
voice/backend/story/internal/store/store.go:712.107,713.31 1 1
voice/backend/story/internal/store/store.go:713.31,715.3 1 0
voice/backend/story/internal/store/store.go:716.2,718.35 3 1
voice/backend/story/internal/store/store.go:718.35,720.3 1 0
voice/backend/story/internal/store/store.go:721.2,721.16 1 1
voice/backend/story/internal/store/store.go:721.16,723.3 1 0
voice/backend/story/internal/store/store.go:724.2,724.24 1 1
voice/backend/story/internal/store/store.go:724.24,726.3 1 0
voice/backend/story/internal/store/store.go:727.2,729.35 3 1
voice/backend/story/internal/store/store.go:729.35,731.3 1 0
voice/backend/story/internal/store/store.go:732.2,732.16 1 1
voice/backend/story/internal/store/store.go:732.16,734.3 1 0
voice/backend/story/internal/store/store.go:735.2,735.30 1 1
voice/backend/story/internal/store/store.go:735.30,737.3 1 0
voice/backend/story/internal/store/store.go:738.2,742.12 2 1
voice/backend/story/internal/store/store.go:746.112,747.31 1 1
voice/backend/story/internal/store/store.go:747.31,749.3 1 0
voice/backend/story/internal/store/store.go:750.2,755.16 2 1
voice/backend/story/internal/store/store.go:755.16,757.3 1 0
voice/backend/story/internal/store/store.go:758.2,758.29 1 1
voice/backend/story/internal/store/store.go:758.29,760.3 1 0
voice/backend/story/internal/store/store.go:761.2,761.12 1 1
voice/backend/story/internal/store/store.go:765.102,766.31 1 1
voice/backend/story/internal/store/store.go:766.31,768.3 1 0
voice/backend/story/internal/store/store.go:769.2,772.16 2 1
voice/backend/story/internal/store/store.go:772.16,774.3 1 0
voice/backend/story/internal/store/store.go:775.2,777.18 3 1
voice/backend/story/internal/store/store.go:777.18,780.144 3 1
voice/backend/story/internal/store/store.go:780.144,782.4 1 0
voice/backend/story/internal/store/store.go:783.3,785.17 3 1
voice/backend/story/internal/store/store.go:785.17,787.4 1 0
voice/backend/story/internal/store/store.go:788.3,789.25 2 1
voice/backend/story/internal/store/store.go:791.2,791.24 1 1
voice/backend/story/internal/store/store.go:795.94,796.31 1 1
voice/backend/story/internal/store/store.go:796.31,798.3 1 0
voice/backend/story/internal/store/store.go:799.2,801.16 2 1
voice/backend/story/internal/store/store.go:801.16,803.3 1 0
voice/backend/story/internal/store/store.go:804.2,804.32 1 1
voice/backend/story/internal/grpcsvc/audience.go:12.85,13.67 1 1
voice/backend/story/internal/grpcsvc/audience.go:13.67,15.67 2 1
voice/backend/story/internal/grpcsvc/audience.go:15.67,17.4 1 1
voice/backend/story/internal/grpcsvc/audience.go:19.2,19.39 1 1
voice/backend/story/internal/grpcsvc/audience.go:20.18,21.38 1 1
voice/backend/story/internal/grpcsvc/audience.go:22.17,23.31 1 1
voice/backend/story/internal/grpcsvc/audience.go:24.23,25.33 1 1
voice/backend/story/internal/grpcsvc/audience.go:26.16,27.26 1 0
voice/backend/story/internal/grpcsvc/audience.go:28.10,29.31 1 0
voice/backend/story/internal/grpcsvc/audience.go:33.94,34.28 1 1
voice/backend/story/internal/grpcsvc/audience.go:34.28,36.3 1 1
voice/backend/story/internal/grpcsvc/audience.go:37.2,37.18 1 1
voice/backend/story/internal/grpcsvc/audience.go:37.18,39.3 1 0
voice/backend/story/internal/grpcsvc/audience.go:40.2,40.100 1 1
voice/backend/story/internal/grpcsvc/audience.go:40.100,42.3 1 1
voice/backend/story/internal/grpcsvc/audience.go:43.2,43.101 1 0
voice/backend/story/internal/grpcsvc/audience.go:43.101,45.3 1 0
voice/backend/story/internal/grpcsvc/audience.go:46.2,46.37 1 0
voice/backend/story/internal/grpcsvc/audience.go:49.50,51.16 2 1
voice/backend/story/internal/grpcsvc/audience.go:51.16,53.3 1 0
voice/backend/story/internal/grpcsvc/audience.go:54.2,55.11 2 1
voice/backend/story/internal/grpcsvc/audience.go:58.93,60.13 2 1
voice/backend/story/internal/grpcsvc/audience.go:60.13,62.3 1 1
voice/backend/story/internal/grpcsvc/audience.go:63.2,63.11 1 1
voice/backend/story/internal/grpcsvc/audience.go:64.28,65.25 1 1
voice/backend/story/internal/grpcsvc/audience.go:66.17,67.24 1 1
voice/backend/story/internal/grpcsvc/audience.go:68.23,69.30 1 1
voice/backend/story/internal/grpcsvc/audience.go:70.16,71.53 1 1
voice/backend/story/internal/grpcsvc/audience.go:72.10,73.17 1 1
voice/backend/story/internal/grpcsvc/audience.go:77.58,78.11 1 1
voice/backend/story/internal/grpcsvc/audience.go:79.51,80.20 1 1
voice/backend/story/internal/grpcsvc/audience.go:81.52,82.19 1 1
voice/backend/story/internal/grpcsvc/audience.go:83.58,84.25 1 1
voice/backend/story/internal/grpcsvc/audience.go:85.51,86.18 1 1
voice/backend/story/internal/grpcsvc/audience.go:87.10,88.12 1 1
voice/backend/story/internal/grpcsvc/story.go:84.52,86.2 1 1
voice/backend/story/internal/grpcsvc/story.go:88.125,90.16 2 1
voice/backend/story/internal/grpcsvc/story.go:90.16,92.3 1 1
voice/backend/story/internal/grpcsvc/story.go:93.2,94.21 2 1
voice/backend/story/internal/grpcsvc/story.go:94.21,96.3 1 1
voice/backend/story/internal/grpcsvc/story.go:97.2,97.21 1 1
voice/backend/story/internal/grpcsvc/story.go:97.21,99.3 1 1
voice/backend/story/internal/grpcsvc/story.go:100.2,101.73 2 1
voice/backend/story/internal/grpcsvc/story.go:101.73,103.22 2 1
voice/backend/story/internal/grpcsvc/story.go:103.22,105.4 1 1
voice/backend/story/internal/grpcsvc/story.go:106.3,106.20 1 1
voice/backend/story/internal/grpcsvc/story.go:108.2,109.22 2 1
voice/backend/story/internal/grpcsvc/story.go:109.22,110.23 1 1
voice/backend/story/internal/grpcsvc/story.go:110.23,112.22 2 1
voice/backend/story/internal/grpcsvc/story.go:112.22,114.5 1 1
voice/backend/story/internal/grpcsvc/story.go:116.3,116.23 1 1
voice/backend/story/internal/grpcsvc/story.go:116.23,118.4 1 0
voice/backend/story/internal/grpcsvc/story.go:120.2,120.62 1 1
voice/backend/story/internal/grpcsvc/story.go:120.62,122.20 2 0
voice/backend/story/internal/grpcsvc/story.go:122.20,124.4 1 0
voice/backend/story/internal/grpcsvc/story.go:125.3,125.16 1 0
voice/backend/story/internal/grpcsvc/story.go:125.16,127.4 1 0
voice/backend/story/internal/grpcsvc/story.go:129.2,140.16 2 1
voice/backend/story/internal/grpcsvc/story.go:140.16,142.3 1 0
voice/backend/story/internal/grpcsvc/story.go:143.2,143.21 1 1
voice/backend/story/internal/grpcsvc/story.go:143.21,145.25 2 1
voice/backend/story/internal/grpcsvc/story.go:145.25,147.4 1 0
voice/backend/story/internal/grpcsvc/story.go:148.3,148.125 1 1
voice/backend/story/internal/grpcsvc/story.go:150.2,150.86 1 1
voice/backend/story/internal/grpcsvc/story.go:153.125,155.16 2 1
voice/backend/story/internal/grpcsvc/story.go:155.16,157.3 1 0
voice/backend/story/internal/grpcsvc/story.go:158.2,159.16 2 1
voice/backend/story/internal/grpcsvc/story.go:159.16,161.3 1 1
voice/backend/story/internal/grpcsvc/story.go:162.2,162.69 1 1
voice/backend/story/internal/grpcsvc/story.go:162.69,163.40 1 1
voice/backend/story/internal/grpcsvc/story.go:163.40,165.4 1 1
voice/backend/story/internal/grpcsvc/story.go:166.3,166.56 1 0
voice/backend/story/internal/grpcsvc/story.go:168.2,168.44 1 1
voice/backend/story/internal/grpcsvc/story.go:171.116,173.16 2 1
voice/backend/story/internal/grpcsvc/story.go:173.16,175.3 1 0
voice/backend/story/internal/grpcsvc/story.go:176.2,177.16 2 1
voice/backend/story/internal/grpcsvc/story.go:177.16,179.3 1 1
voice/backend/story/internal/grpcsvc/story.go:180.2,181.16 2 1
voice/backend/story/internal/grpcsvc/story.go:181.16,182.40 1 1
voice/backend/story/internal/grpcsvc/story.go:182.40,184.4 1 1
voice/backend/story/internal/grpcsvc/story.go:185.3,185.56 1 0
voice/backend/story/internal/grpcsvc/story.go:187.2,187.41 1 1
voice/backend/story/internal/grpcsvc/story.go:187.41,189.3 1 1
voice/backend/story/internal/grpcsvc/story.go:190.2,190.82 1 1
voice/backend/story/internal/grpcsvc/story.go:193.128,195.16 2 1
voice/backend/story/internal/grpcsvc/story.go:195.16,197.3 1 0
voice/backend/story/internal/grpcsvc/story.go:198.2,200.26 3 1
voice/backend/story/internal/grpcsvc/story.go:200.26,201.38 1 1
voice/backend/story/internal/grpcsvc/story.go:201.38,203.4 1 1
voice/backend/story/internal/grpcsvc/story.go:204.3,204.37 1 1
voice/backend/story/internal/grpcsvc/story.go:206.2,208.26 3 1
voice/backend/story/internal/grpcsvc/story.go:208.26,210.21 2 1
voice/backend/story/internal/grpcsvc/story.go:210.21,212.4 1 1
voice/backend/story/internal/grpcsvc/story.go:214.2,214.17 1 1
voice/backend/story/internal/grpcsvc/story.go:214.17,216.3 1 1
voice/backend/story/internal/grpcsvc/story.go:217.2,217.20 1 1
voice/backend/story/internal/grpcsvc/story.go:217.20,219.3 1 1
voice/backend/story/internal/grpcsvc/story.go:220.2,221.27 2 1
voice/backend/story/internal/grpcsvc/story.go:221.27,222.51 1 1
voice/backend/story/internal/grpcsvc/story.go:222.51,224.4 1 1
voice/backend/story/internal/grpcsvc/story.go:226.2,234.8 1 1
voice/backend/story/internal/grpcsvc/story.go:237.143,239.16 2 1
voice/backend/story/internal/grpcsvc/story.go:239.16,241.3 1 0
voice/backend/story/internal/grpcsvc/story.go:242.2,243.16 2 1
voice/backend/story/internal/grpcsvc/story.go:243.16,245.3 1 1
voice/backend/story/internal/grpcsvc/story.go:246.2,247.16 2 1
voice/backend/story/internal/grpcsvc/story.go:247.16,249.3 1 0
voice/backend/story/internal/grpcsvc/story.go:250.2,251.22 2 1
voice/backend/story/internal/grpcsvc/story.go:251.22,252.46 1 1
voice/backend/story/internal/grpcsvc/story.go:252.46,254.4 1 1
voice/backend/story/internal/grpcsvc/story.go:256.2,258.8 1 1
voice/backend/story/internal/grpcsvc/story.go:261.122,263.16 2 1
voice/backend/story/internal/grpcsvc/story.go:263.16,265.3 1 0
voice/backend/story/internal/grpcsvc/story.go:266.2,267.16 2 1
voice/backend/story/internal/grpcsvc/story.go:267.16,269.3 1 1
voice/backend/story/internal/grpcsvc/story.go:270.2,271.16 2 1
voice/backend/story/internal/grpcsvc/story.go:271.16,272.40 1 1
voice/backend/story/internal/grpcsvc/story.go:272.40,274.4 1 1
voice/backend/story/internal/grpcsvc/story.go:275.3,275.56 1 0
voice/backend/story/internal/grpcsvc/story.go:277.2,277.41 1 1
voice/backend/story/internal/grpcsvc/story.go:277.41,279.3 1 0
voice/backend/story/internal/grpcsvc/story.go:280.2,280.24 1 1
voice/backend/story/internal/grpcsvc/story.go:280.24,282.17 2 1
voice/backend/story/internal/grpcsvc/story.go:282.17,284.4 1 0
voice/backend/story/internal/grpcsvc/story.go:285.3,285.29 1 1
voice/backend/story/internal/grpcsvc/story.go:285.29,287.4 1 1
voice/backend/story/internal/grpcsvc/story.go:288.3,289.17 2 1
voice/backend/story/internal/grpcsvc/story.go:289.17,291.4 1 0
voice/backend/story/internal/grpcsvc/story.go:292.3,292.10 1 1
voice/backend/story/internal/grpcsvc/story.go:292.10,294.4 1 0
voice/backend/story/internal/grpcsvc/story.go:296.2,296.87 1 1
voice/backend/story/internal/grpcsvc/story.go:296.87,298.3 1 0
voice/backend/story/internal/grpcsvc/story.go:299.2,299.21 1 1
voice/backend/story/internal/grpcsvc/story.go:299.21,301.3 1 1
voice/backend/story/internal/grpcsvc/story.go:302.2,302.43 1 1
voice/backend/story/internal/grpcsvc/story.go:305.122,307.16 2 1
voice/backend/story/internal/grpcsvc/story.go:307.16,309.3 1 0
voice/backend/story/internal/grpcsvc/story.go:310.2,311.16 2 1
voice/backend/story/internal/grpcsvc/story.go:311.16,313.3 1 1
voice/backend/story/internal/grpcsvc/story.go:314.2,315.16 2 1
voice/backend/story/internal/grpcsvc/story.go:315.16,316.40 1 0
voice/backend/story/internal/grpcsvc/story.go:316.40,318.4 1 0
voice/backend/story/internal/grpcsvc/story.go:319.3,319.56 1 0
voice/backend/story/internal/grpcsvc/story.go:321.2,321.38 1 1
voice/backend/story/internal/grpcsvc/story.go:321.38,323.3 1 1
voice/backend/story/internal/grpcsvc/story.go:324.2,324.26 1 1
voice/backend/story/internal/grpcsvc/story.go:324.26,326.3 1 1
voice/backend/story/internal/grpcsvc/story.go:327.2,328.16 2 1
voice/backend/story/internal/grpcsvc/story.go:328.16,330.3 1 0
voice/backend/story/internal/grpcsvc/story.go:331.2,332.25 2 1
voice/backend/story/internal/grpcsvc/story.go:332.25,334.3 1 1
voice/backend/story/internal/grpcsvc/story.go:335.2,337.8 1 1
voice/backend/story/internal/grpcsvc/story.go:340.128,342.16 2 1
voice/backend/story/internal/grpcsvc/story.go:342.16,344.3 1 0
voice/backend/story/internal/grpcsvc/story.go:345.2,346.16 2 1
voice/backend/story/internal/grpcsvc/story.go:346.16,348.3 1 1
voice/backend/story/internal/grpcsvc/story.go:349.2,350.16 2 1
voice/backend/story/internal/grpcsvc/story.go:350.16,351.40 1 0
voice/backend/story/internal/grpcsvc/story.go:351.40,353.4 1 0
voice/backend/story/internal/grpcsvc/story.go:354.3,354.56 1 0
voice/backend/story/internal/grpcsvc/story.go:356.2,356.42 1 1
voice/backend/story/internal/grpcsvc/story.go:356.42,358.3 1 1
voice/backend/story/internal/grpcsvc/story.go:359.2,360.17 2 1
voice/backend/story/internal/grpcsvc/story.go:360.17,362.3 1 1
voice/backend/story/internal/grpcsvc/story.go:363.2,363.77 1 1
voice/backend/story/internal/grpcsvc/story.go:363.77,365.3 1 0
voice/backend/story/internal/grpcsvc/story.go:366.2,366.21 1 1
voice/backend/story/internal/grpcsvc/story.go:366.21,368.3 1 0
voice/backend/story/internal/grpcsvc/story.go:369.2,369.45 1 1
voice/backend/story/internal/grpcsvc/story.go:372.143,374.16 2 1
voice/backend/story/internal/grpcsvc/story.go:374.16,376.3 1 0
voice/backend/story/internal/grpcsvc/story.go:377.2,378.16 2 1
voice/backend/story/internal/grpcsvc/story.go:378.16,380.3 1 1
voice/backend/story/internal/grpcsvc/story.go:381.2,382.16 2 1
voice/backend/story/internal/grpcsvc/story.go:382.16,383.40 1 1
voice/backend/story/internal/grpcsvc/story.go:383.40,385.4 1 1
voice/backend/story/internal/grpcsvc/story.go:386.3,386.56 1 0
voice/backend/story/internal/grpcsvc/story.go:388.2,388.38 1 1
voice/backend/story/internal/grpcsvc/story.go:388.38,390.3 1 1
voice/backend/story/internal/grpcsvc/story.go:391.2,392.16 2 1
voice/backend/story/internal/grpcsvc/story.go:392.16,394.3 1 0
voice/backend/story/internal/grpcsvc/story.go:395.2,396.30 2 1
voice/backend/story/internal/grpcsvc/story.go:396.30,401.3 1 1
voice/backend/story/internal/grpcsvc/story.go:402.2,402.64 1 1
voice/backend/story/internal/grpcsvc/story.go:405.128,407.16 2 1
voice/backend/story/internal/grpcsvc/story.go:407.16,409.3 1 0
voice/backend/story/internal/grpcsvc/story.go:410.2,410.41 1 1
voice/backend/story/internal/grpcsvc/story.go:410.41,412.3 1 1
voice/backend/story/internal/grpcsvc/story.go:413.2,414.16 2 1
voice/backend/story/internal/grpcsvc/story.go:414.16,416.3 1 0
voice/backend/story/internal/grpcsvc/story.go:417.2,418.16 2 1
voice/backend/story/internal/grpcsvc/story.go:418.16,420.3 1 1
voice/backend/story/internal/grpcsvc/story.go:421.2,422.16 2 1
voice/backend/story/internal/grpcsvc/story.go:422.16,423.40 1 0
voice/backend/story/internal/grpcsvc/story.go:423.40,425.4 1 0
voice/backend/story/internal/grpcsvc/story.go:426.3,426.56 1 0
voice/backend/story/internal/grpcsvc/story.go:428.2,428.42 1 1
voice/backend/story/internal/grpcsvc/story.go:428.42,430.3 1 0
voice/backend/story/internal/grpcsvc/story.go:431.2,431.38 1 1
voice/backend/story/internal/grpcsvc/story.go:431.38,433.3 1 1
voice/backend/story/internal/grpcsvc/story.go:434.2,436.16 3 1
voice/backend/story/internal/grpcsvc/story.go:436.16,438.3 1 0
voice/backend/story/internal/grpcsvc/story.go:439.2,443.16 2 1
voice/backend/story/internal/grpcsvc/story.go:443.16,445.3 1 0
voice/backend/story/internal/grpcsvc/story.go:446.2,449.8 1 1
voice/backend/story/internal/grpcsvc/story.go:452.122,454.16 2 1
voice/backend/story/internal/grpcsvc/story.go:454.16,456.3 1 0
voice/backend/story/internal/grpcsvc/story.go:457.2,458.49 2 1
voice/backend/story/internal/grpcsvc/story.go:458.49,460.22 2 1
voice/backend/story/internal/grpcsvc/story.go:460.22,462.4 1 0
voice/backend/story/internal/grpcsvc/story.go:463.3,463.18 1 1
voice/backend/story/internal/grpcsvc/story.go:465.2,465.25 1 1
voice/backend/story/internal/grpcsvc/story.go:465.25,467.3 1 1
voice/backend/story/internal/grpcsvc/story.go:468.2,469.16 2 1
voice/backend/story/internal/grpcsvc/story.go:469.16,471.3 1 0
voice/backend/story/internal/grpcsvc/story.go:472.2,473.22 2 1
voice/backend/story/internal/grpcsvc/story.go:473.22,475.3 1 1
voice/backend/story/internal/grpcsvc/story.go:476.2,476.90 1 1
voice/backend/story/internal/grpcsvc/story.go:479.137,481.16 2 1
voice/backend/story/internal/grpcsvc/story.go:481.16,483.3 1 0
voice/backend/story/internal/grpcsvc/story.go:484.2,485.16 2 1
voice/backend/story/internal/grpcsvc/story.go:485.16,487.3 1 1
voice/backend/story/internal/grpcsvc/story.go:488.2,489.16 2 1
voice/backend/story/internal/grpcsvc/story.go:489.16,491.3 1 0
voice/backend/story/internal/grpcsvc/story.go:492.2,492.21 1 1
voice/backend/story/internal/grpcsvc/story.go:492.21,494.3 1 0
voice/backend/story/internal/grpcsvc/story.go:495.2,495.80 1 1
voice/backend/story/internal/grpcsvc/story.go:498.137,500.16 2 1
voice/backend/story/internal/grpcsvc/story.go:500.16,502.3 1 0
voice/backend/story/internal/grpcsvc/story.go:503.2,504.16 2 1
voice/backend/story/internal/grpcsvc/story.go:504.16,506.3 1 1
voice/backend/story/internal/grpcsvc/story.go:507.2,509.36 3 1
voice/backend/story/internal/grpcsvc/story.go:509.36,511.3 1 1
voice/backend/story/internal/grpcsvc/story.go:512.2,513.16 2 1
voice/backend/story/internal/grpcsvc/story.go:513.16,514.40 1 1
voice/backend/story/internal/grpcsvc/story.go:514.40,516.4 1 1
voice/backend/story/internal/grpcsvc/story.go:517.3,517.56 1 0
voice/backend/story/internal/grpcsvc/story.go:519.2,519.80 1 1
voice/backend/story/internal/grpcsvc/story.go:522.137,524.16 2 1
voice/backend/story/internal/grpcsvc/story.go:524.16,526.3 1 0
voice/backend/story/internal/grpcsvc/story.go:527.2,528.16 2 1
voice/backend/story/internal/grpcsvc/story.go:528.16,530.3 1 1
voice/backend/story/internal/grpcsvc/story.go:531.2,531.77 1 1
voice/backend/story/internal/grpcsvc/story.go:531.77,532.40 1 0
voice/backend/story/internal/grpcsvc/story.go:532.40,534.4 1 0
voice/backend/story/internal/grpcsvc/story.go:535.3,535.56 1 0
voice/backend/story/internal/grpcsvc/story.go:537.2,537.48 1 1
voice/backend/story/internal/grpcsvc/story.go:540.134,542.16 2 1
voice/backend/story/internal/grpcsvc/story.go:542.16,544.3 1 0
voice/backend/story/internal/grpcsvc/story.go:545.2,546.16 2 1
voice/backend/story/internal/grpcsvc/story.go:546.16,548.3 1 1
voice/backend/story/internal/grpcsvc/story.go:549.2,550.16 2 1
voice/backend/story/internal/grpcsvc/story.go:550.16,552.3 1 0
voice/backend/story/internal/grpcsvc/story.go:553.2,553.85 1 1
voice/backend/story/internal/grpcsvc/story.go:553.85,554.40 1 1
voice/backend/story/internal/grpcsvc/story.go:554.40,556.4 1 0
voice/backend/story/internal/grpcsvc/story.go:557.3,557.41 1 1
voice/backend/story/internal/grpcsvc/story.go:557.41,559.4 1 1
voice/backend/story/internal/grpcsvc/story.go:560.3,560.56 1 0
voice/backend/story/internal/grpcsvc/story.go:562.2,562.47 1 1
voice/backend/story/internal/grpcsvc/story.go:565.149,567.16 2 1
voice/backend/story/internal/grpcsvc/story.go:567.16,569.3 1 0
voice/backend/story/internal/grpcsvc/story.go:570.2,571.16 2 1
voice/backend/story/internal/grpcsvc/story.go:571.16,573.3 1 1
voice/backend/story/internal/grpcsvc/story.go:574.2,575.16 2 1
voice/backend/story/internal/grpcsvc/story.go:575.16,577.3 1 0
voice/backend/story/internal/grpcsvc/story.go:578.2,578.90 1 1
voice/backend/story/internal/grpcsvc/story.go:578.90,579.40 1 1
voice/backend/story/internal/grpcsvc/story.go:579.40,581.4 1 1
voice/backend/story/internal/grpcsvc/story.go:582.3,582.56 1 0
voice/backend/story/internal/grpcsvc/story.go:584.2,584.52 1 1
voice/backend/story/internal/grpcsvc/story.go:587.131,589.16 2 1
voice/backend/story/internal/grpcsvc/story.go:589.16,591.3 1 0
voice/backend/story/internal/grpcsvc/story.go:592.2,593.16 2 1
voice/backend/story/internal/grpcsvc/story.go:593.16,595.3 1 1
voice/backend/story/internal/grpcsvc/story.go:596.2,597.16 2 1
voice/backend/story/internal/grpcsvc/story.go:597.16,599.3 1 0
voice/backend/story/internal/grpcsvc/story.go:600.2,601.22 2 1
voice/backend/story/internal/grpcsvc/story.go:601.22,602.50 1 1
voice/backend/story/internal/grpcsvc/story.go:602.50,604.4 1 1
voice/backend/story/internal/grpcsvc/story.go:606.2,608.8 1 1
voice/backend/story/internal/grpcsvc/story.go:611.155,613.16 2 1
voice/backend/story/internal/grpcsvc/story.go:613.16,615.3 1 0
voice/backend/story/internal/grpcsvc/story.go:616.2,617.20 2 1
voice/backend/story/internal/grpcsvc/story.go:617.20,619.3 1 1
voice/backend/story/internal/grpcsvc/story.go:620.2,621.16 2 1
voice/backend/story/internal/grpcsvc/story.go:621.16,623.3 1 1
voice/backend/story/internal/grpcsvc/story.go:624.2,625.81 2 1
voice/backend/story/internal/grpcsvc/story.go:625.81,627.3 1 1
voice/backend/story/internal/grpcsvc/story.go:628.2,629.73 2 1
voice/backend/story/internal/grpcsvc/story.go:629.73,631.22 2 0
voice/backend/story/internal/grpcsvc/story.go:631.22,633.4 1 0
voice/backend/story/internal/grpcsvc/story.go:634.3,634.20 1 0
voice/backend/story/internal/grpcsvc/story.go:636.2,644.16 2 1
voice/backend/story/internal/grpcsvc/story.go:644.16,646.3 1 0
voice/backend/story/internal/grpcsvc/story.go:647.2,647.21 1 1
voice/backend/story/internal/grpcsvc/story.go:647.21,649.3 1 0
voice/backend/story/internal/grpcsvc/story.go:650.2,650.96 1 1
voice/backend/story/internal/grpcsvc/story.go:653.101,654.16 1 1
voice/backend/story/internal/grpcsvc/story.go:654.16,656.3 1 0
voice/backend/story/internal/grpcsvc/story.go:657.2,657.37 1 1
voice/backend/story/internal/grpcsvc/story.go:657.37,659.3 1 1
voice/backend/story/internal/grpcsvc/story.go:660.2,661.22 2 1
voice/backend/story/internal/grpcsvc/story.go:661.22,663.38 2 0
voice/backend/story/internal/grpcsvc/story.go:663.38,666.30 3 0
voice/backend/story/internal/grpcsvc/story.go:666.30,668.5 1 0
voice/backend/story/internal/grpcsvc/story.go:671.2,673.25 3 1
voice/backend/story/internal/grpcsvc/story.go:676.54,679.23 3 1
voice/backend/story/internal/grpcsvc/story.go:679.23,682.3 2 1
voice/backend/story/internal/grpcsvc/story.go:682.8,682.29 1 1
voice/backend/story/internal/grpcsvc/story.go:682.29,683.52 1 0
voice/backend/story/internal/grpcsvc/story.go:683.52,685.4 1 0
voice/backend/story/internal/grpcsvc/story.go:686.3,686.58 1 0
voice/backend/story/internal/grpcsvc/story.go:686.58,688.4 1 0
voice/backend/story/internal/grpcsvc/story.go:690.2,690.54 1 1
voice/backend/story/internal/grpcsvc/story.go:693.109,694.16 1 1
voice/backend/story/internal/grpcsvc/story.go:694.16,696.3 1 0
voice/backend/story/internal/grpcsvc/story.go:697.2,697.31 1 1
voice/backend/story/internal/grpcsvc/story.go:697.31,699.3 1 1
voice/backend/story/internal/grpcsvc/story.go:700.2,703.25 4 1
voice/backend/story/internal/grpcsvc/story.go:706.88,707.22 1 1
voice/backend/story/internal/grpcsvc/story.go:707.22,709.17 2 1
voice/backend/story/internal/grpcsvc/story.go:709.17,711.4 1 1
voice/backend/story/internal/grpcsvc/story.go:713.2,713.57 1 1
voice/backend/story/internal/grpcsvc/story.go:716.82,718.16 2 1
voice/backend/story/internal/grpcsvc/story.go:718.16,720.3 1 0
voice/backend/story/internal/grpcsvc/story.go:721.2,721.37 1 1
voice/backend/story/internal/grpcsvc/story.go:721.37,723.3 1 1
voice/backend/story/internal/grpcsvc/story.go:724.2,724.12 1 1
voice/backend/story/internal/grpcsvc/story.go:727.53,728.16 1 1
voice/backend/story/internal/grpcsvc/story.go:728.16,730.3 1 0
voice/backend/story/internal/grpcsvc/story.go:731.2,747.28 2 1
voice/backend/story/internal/grpcsvc/story.go:747.28,750.3 2 1
voice/backend/story/internal/grpcsvc/story.go:751.2,751.26 1 1
voice/backend/story/internal/grpcsvc/story.go:751.26,753.3 1 0
voice/backend/story/internal/grpcsvc/story.go:754.2,754.12 1 1
voice/backend/story/internal/grpcsvc/story.go:757.67,758.16 1 1
voice/backend/story/internal/grpcsvc/story.go:758.16,760.3 1 0
voice/backend/story/internal/grpcsvc/story.go:761.2,762.34 2 1
voice/backend/story/internal/grpcsvc/story.go:762.34,764.3 1 1
voice/backend/story/internal/grpcsvc/story.go:765.2,771.3 1 1
voice/backend/story/internal/grpcsvc/story.go:774.86,775.23 1 1
voice/backend/story/internal/grpcsvc/story.go:775.23,777.3 1 1
voice/backend/story/internal/grpcsvc/story.go:778.2,780.29 3 1
voice/backend/story/internal/grpcsvc/story.go:780.29,784.23 4 1
voice/backend/story/internal/grpcsvc/story.go:784.23,786.4 1 1
voice/backend/story/internal/grpcsvc/story.go:788.2,789.28 2 1
voice/backend/story/internal/grpcsvc/story.go:789.28,791.3 1 1
voice/backend/story/internal/grpcsvc/story.go:792.2,792.38 1 1
voice/backend/story/internal/grpcsvc/story.go:792.38,793.43 1 1
voice/backend/story/internal/grpcsvc/story.go:793.43,795.60 2 1
voice/backend/story/internal/grpcsvc/story.go:795.60,797.5 1 1
voice/backend/story/internal/grpcsvc/story.go:800.2,801.32 2 1
voice/backend/story/internal/grpcsvc/story.go:801.32,806.3 1 1
voice/backend/story/internal/grpcsvc/story.go:807.2,807.15 1 1
voice/backend/story/internal/grpcsvc/story.go:810.79,812.2 1 0
voice/backend/story/internal/grpcsvc/story.go:814.44,816.26 2 1
voice/backend/story/internal/grpcsvc/story.go:816.26,818.17 2 1
voice/backend/story/internal/grpcsvc/story.go:818.17,819.12 1 0
voice/backend/story/internal/grpcsvc/story.go:821.3,821.37 1 1
voice/backend/story/internal/grpcsvc/story.go:823.2,824.16 2 1
voice/backend/story/internal/grpcsvc/story.go:824.16,826.3 1 0
voice/backend/story/internal/grpcsvc/story.go:827.2,827.18 1 1
voice/backend/story/internal/grpcsvc/story.go:830.67,832.9 2 1
voice/backend/story/internal/grpcsvc/story.go:832.9,834.3 1 0
voice/backend/story/internal/grpcsvc/story.go:835.2,836.37 2 1
voice/backend/story/internal/grpcsvc/story.go:836.37,838.3 1 0
voice/backend/story/internal/grpcsvc/story.go:839.2,839.28 1 1
voice/backend/story/internal/grpcsvc/story.go:846.60,848.61 2 1
voice/backend/story/internal/grpcsvc/story.go:848.61,850.3 1 1
voice/backend/story/internal/grpcsvc/story.go:851.2,852.13 2 1
voice/backend/story/internal/grpcsvc/story.go:852.13,854.3 1 1
voice/backend/story/internal/grpcsvc/story.go:855.2,855.11 1 1
voice/backend/story/internal/grpcsvc/story.go:856.39,857.16 1 1
voice/backend/story/internal/grpcsvc/story.go:858.10,859.50 1 1
voice/backend/story/internal/grpcsvc/story.go:863.57,864.28 1 1
voice/backend/story/internal/grpcsvc/story.go:864.28,866.3 1 1
voice/backend/story/internal/grpcsvc/story.go:867.2,867.18 1 1
voice/backend/story/internal/grpcsvc/story.go:867.18,869.3 1 0
voice/backend/story/internal/grpcsvc/story.go:870.2,870.18 1 1
voice/backend/story/internal/grpcsvc/story.go:873.46,874.30 1 1
voice/backend/story/internal/grpcsvc/story.go:875.18,876.11 1 1
voice/backend/story/internal/grpcsvc/story.go:877.17,878.11 1 1
voice/backend/story/internal/grpcsvc/story.go:879.10,880.11 1 1
voice/backend/story/internal/grpcsvc/story.go:884.91,885.49 1 1
voice/backend/story/internal/grpcsvc/story.go:885.49,887.3 1 1
voice/backend/story/internal/grpcsvc/story.go:888.2,888.45 1 1
voice/backend/story/internal/grpcsvc/story.go:888.45,890.3 1 1
voice/backend/story/internal/grpcsvc/story.go:891.2,891.11 1 1
voice/backend/story/internal/grpcsvc/story.go:894.60,895.11 1 1
voice/backend/story/internal/grpcsvc/story.go:896.53,897.17 1 1
voice/backend/story/internal/grpcsvc/story.go:898.53,899.17 1 1
voice/backend/story/internal/grpcsvc/story.go:900.52,901.16 1 0
voice/backend/story/internal/grpcsvc/story.go:902.10,903.12 1 1
