mode: set
voice/backend/story/internal/grpcsvc/story.go:64.52,66.2 1 1
voice/backend/story/internal/grpcsvc/story.go:68.125,70.16 2 1
voice/backend/story/internal/grpcsvc/story.go:70.16,72.3 1 1
voice/backend/story/internal/grpcsvc/story.go:73.2,74.21 2 1
voice/backend/story/internal/grpcsvc/story.go:74.21,76.3 1 1
voice/backend/story/internal/grpcsvc/story.go:77.2,77.21 1 1
voice/backend/story/internal/grpcsvc/story.go:77.21,79.3 1 1
voice/backend/story/internal/grpcsvc/story.go:80.2,81.22 2 1
voice/backend/story/internal/grpcsvc/story.go:81.22,83.3 1 1
voice/backend/story/internal/grpcsvc/story.go:84.2,84.22 1 1
voice/backend/story/internal/grpcsvc/story.go:84.22,86.3 1 1
voice/backend/story/internal/grpcsvc/story.go:87.2,88.73 2 1
voice/backend/story/internal/grpcsvc/story.go:88.73,90.22 2 1
voice/backend/story/internal/grpcsvc/story.go:90.22,92.4 1 1
voice/backend/story/internal/grpcsvc/story.go:93.3,93.20 1 1
voice/backend/story/internal/grpcsvc/story.go:95.2,105.16 2 1
voice/backend/story/internal/grpcsvc/story.go:105.16,107.3 1 0
voice/backend/story/internal/grpcsvc/story.go:108.2,108.21 1 1
voice/backend/story/internal/grpcsvc/story.go:108.21,110.25 2 1
voice/backend/story/internal/grpcsvc/story.go:110.25,112.4 1 0
voice/backend/story/internal/grpcsvc/story.go:113.3,113.125 1 1
voice/backend/story/internal/grpcsvc/story.go:115.2,115.86 1 1
voice/backend/story/internal/grpcsvc/story.go:118.125,120.16 2 1
voice/backend/story/internal/grpcsvc/story.go:120.16,122.3 1 0
voice/backend/story/internal/grpcsvc/story.go:123.2,124.16 2 1
voice/backend/story/internal/grpcsvc/story.go:124.16,126.3 1 1
voice/backend/story/internal/grpcsvc/story.go:127.2,127.69 1 1
voice/backend/story/internal/grpcsvc/story.go:127.69,128.40 1 1
voice/backend/story/internal/grpcsvc/story.go:128.40,130.4 1 1
voice/backend/story/internal/grpcsvc/story.go:131.3,131.56 1 0
voice/backend/story/internal/grpcsvc/story.go:133.2,133.44 1 1
voice/backend/story/internal/grpcsvc/story.go:136.116,138.16 2 1
voice/backend/story/internal/grpcsvc/story.go:138.16,140.3 1 0
voice/backend/story/internal/grpcsvc/story.go:141.2,142.16 2 1
voice/backend/story/internal/grpcsvc/story.go:142.16,144.3 1 1
voice/backend/story/internal/grpcsvc/story.go:145.2,146.16 2 1
voice/backend/story/internal/grpcsvc/story.go:146.16,147.40 1 1
voice/backend/story/internal/grpcsvc/story.go:147.40,149.4 1 1
voice/backend/story/internal/grpcsvc/story.go:150.3,150.56 1 0
voice/backend/story/internal/grpcsvc/story.go:152.2,152.41 1 1
voice/backend/story/internal/grpcsvc/story.go:152.41,154.3 1 1
voice/backend/story/internal/grpcsvc/story.go:155.2,155.82 1 1
voice/backend/story/internal/grpcsvc/story.go:158.128,160.16 2 1
voice/backend/story/internal/grpcsvc/story.go:160.16,162.3 1 0
voice/backend/story/internal/grpcsvc/story.go:163.2,165.26 3 1
voice/backend/story/internal/grpcsvc/story.go:165.26,166.38 1 1
voice/backend/story/internal/grpcsvc/story.go:166.38,168.4 1 1
voice/backend/story/internal/grpcsvc/story.go:169.3,169.37 1 1
voice/backend/story/internal/grpcsvc/story.go:171.2,172.16 2 1
voice/backend/story/internal/grpcsvc/story.go:172.16,174.3 1 1
voice/backend/story/internal/grpcsvc/story.go:175.2,176.27 2 1
voice/backend/story/internal/grpcsvc/story.go:176.27,177.51 1 1
voice/backend/story/internal/grpcsvc/story.go:177.51,179.4 1 1
voice/backend/story/internal/grpcsvc/story.go:181.2,189.8 1 1
voice/backend/story/internal/grpcsvc/story.go:192.143,194.16 2 1
voice/backend/story/internal/grpcsvc/story.go:194.16,196.3 1 0
voice/backend/story/internal/grpcsvc/story.go:197.2,198.16 2 1
voice/backend/story/internal/grpcsvc/story.go:198.16,200.3 1 1
voice/backend/story/internal/grpcsvc/story.go:201.2,202.16 2 1
voice/backend/story/internal/grpcsvc/story.go:202.16,204.3 1 0
voice/backend/story/internal/grpcsvc/story.go:205.2,206.22 2 1
voice/backend/story/internal/grpcsvc/story.go:206.22,207.46 1 1
voice/backend/story/internal/grpcsvc/story.go:207.46,209.4 1 1
voice/backend/story/internal/grpcsvc/story.go:211.2,213.8 1 1
voice/backend/story/internal/grpcsvc/story.go:216.122,218.16 2 1
voice/backend/story/internal/grpcsvc/story.go:218.16,220.3 1 0
voice/backend/story/internal/grpcsvc/story.go:221.2,222.16 2 1
voice/backend/story/internal/grpcsvc/story.go:222.16,224.3 1 1
voice/backend/story/internal/grpcsvc/story.go:225.2,226.16 2 1
voice/backend/story/internal/grpcsvc/story.go:226.16,227.40 1 1
voice/backend/story/internal/grpcsvc/story.go:227.40,229.4 1 1
voice/backend/story/internal/grpcsvc/story.go:230.3,230.56 1 0
voice/backend/story/internal/grpcsvc/story.go:232.2,232.41 1 1
voice/backend/story/internal/grpcsvc/story.go:232.41,234.3 1 0
voice/backend/story/internal/grpcsvc/story.go:235.2,235.24 1 1
voice/backend/story/internal/grpcsvc/story.go:235.24,237.17 2 1
voice/backend/story/internal/grpcsvc/story.go:237.17,239.4 1 0
voice/backend/story/internal/grpcsvc/story.go:240.3,240.29 1 1
voice/backend/story/internal/grpcsvc/story.go:240.29,242.4 1 1
voice/backend/story/internal/grpcsvc/story.go:243.3,244.17 2 1
voice/backend/story/internal/grpcsvc/story.go:244.17,246.4 1 0
voice/backend/story/internal/grpcsvc/story.go:247.3,247.10 1 1
voice/backend/story/internal/grpcsvc/story.go:247.10,249.4 1 0
voice/backend/story/internal/grpcsvc/story.go:251.2,251.87 1 1
voice/backend/story/internal/grpcsvc/story.go:251.87,253.3 1 0
voice/backend/story/internal/grpcsvc/story.go:254.2,254.21 1 1
voice/backend/story/internal/grpcsvc/story.go:254.21,256.3 1 1
voice/backend/story/internal/grpcsvc/story.go:257.2,257.43 1 1
voice/backend/story/internal/grpcsvc/story.go:260.122,262.16 2 1
voice/backend/story/internal/grpcsvc/story.go:262.16,264.3 1 0
voice/backend/story/internal/grpcsvc/story.go:265.2,266.16 2 1
voice/backend/story/internal/grpcsvc/story.go:266.16,268.3 1 1
voice/backend/story/internal/grpcsvc/story.go:269.2,270.16 2 1
voice/backend/story/internal/grpcsvc/story.go:270.16,271.40 1 0
voice/backend/story/internal/grpcsvc/story.go:271.40,273.4 1 0
voice/backend/story/internal/grpcsvc/story.go:274.3,274.56 1 0
voice/backend/story/internal/grpcsvc/story.go:276.2,276.38 1 1
voice/backend/story/internal/grpcsvc/story.go:276.38,278.3 1 1
voice/backend/story/internal/grpcsvc/story.go:279.2,279.26 1 1
voice/backend/story/internal/grpcsvc/story.go:279.26,281.3 1 1
voice/backend/story/internal/grpcsvc/story.go:282.2,283.16 2 1
voice/backend/story/internal/grpcsvc/story.go:283.16,285.3 1 0
voice/backend/story/internal/grpcsvc/story.go:286.2,287.25 2 1
voice/backend/story/internal/grpcsvc/story.go:287.25,289.3 1 1
voice/backend/story/internal/grpcsvc/story.go:290.2,292.8 1 1
voice/backend/story/internal/grpcsvc/story.go:295.128,297.16 2 1
voice/backend/story/internal/grpcsvc/story.go:297.16,299.3 1 0
voice/backend/story/internal/grpcsvc/story.go:300.2,301.16 2 1
voice/backend/story/internal/grpcsvc/story.go:301.16,303.3 1 1
voice/backend/story/internal/grpcsvc/story.go:304.2,305.16 2 1
voice/backend/story/internal/grpcsvc/story.go:305.16,306.40 1 0
voice/backend/story/internal/grpcsvc/story.go:306.40,308.4 1 0
voice/backend/story/internal/grpcsvc/story.go:309.3,309.56 1 0
voice/backend/story/internal/grpcsvc/story.go:311.2,311.42 1 1
voice/backend/story/internal/grpcsvc/story.go:311.42,313.3 1 1
voice/backend/story/internal/grpcsvc/story.go:314.2,315.17 2 1
voice/backend/story/internal/grpcsvc/story.go:315.17,317.3 1 1
voice/backend/story/internal/grpcsvc/story.go:318.2,318.77 1 1
voice/backend/story/internal/grpcsvc/story.go:318.77,320.3 1 0
voice/backend/story/internal/grpcsvc/story.go:321.2,321.21 1 1
voice/backend/story/internal/grpcsvc/story.go:321.21,323.3 1 0
voice/backend/story/internal/grpcsvc/story.go:324.2,324.45 1 1
voice/backend/story/internal/grpcsvc/story.go:327.143,329.16 2 1
voice/backend/story/internal/grpcsvc/story.go:329.16,331.3 1 0
voice/backend/story/internal/grpcsvc/story.go:332.2,333.16 2 1
voice/backend/story/internal/grpcsvc/story.go:333.16,335.3 1 1
voice/backend/story/internal/grpcsvc/story.go:336.2,337.16 2 1
voice/backend/story/internal/grpcsvc/story.go:337.16,338.40 1 1
voice/backend/story/internal/grpcsvc/story.go:338.40,340.4 1 1
voice/backend/story/internal/grpcsvc/story.go:341.3,341.56 1 0
voice/backend/story/internal/grpcsvc/story.go:343.2,343.38 1 1
voice/backend/story/internal/grpcsvc/story.go:343.38,345.3 1 1
voice/backend/story/internal/grpcsvc/story.go:346.2,347.16 2 1
voice/backend/story/internal/grpcsvc/story.go:347.16,349.3 1 0
voice/backend/story/internal/grpcsvc/story.go:350.2,351.30 2 1
voice/backend/story/internal/grpcsvc/story.go:351.30,356.3 1 1
voice/backend/story/internal/grpcsvc/story.go:357.2,357.64 1 1
voice/backend/story/internal/grpcsvc/story.go:360.128,362.16 2 1
voice/backend/story/internal/grpcsvc/story.go:362.16,364.3 1 0
voice/backend/story/internal/grpcsvc/story.go:365.2,365.41 1 1
voice/backend/story/internal/grpcsvc/story.go:365.41,367.3 1 1
voice/backend/story/internal/grpcsvc/story.go:368.2,369.16 2 1
voice/backend/story/internal/grpcsvc/story.go:369.16,371.3 1 0
voice/backend/story/internal/grpcsvc/story.go:372.2,373.16 2 1
voice/backend/story/internal/grpcsvc/story.go:373.16,375.3 1 1
voice/backend/story/internal/grpcsvc/story.go:376.2,377.16 2 1
voice/backend/story/internal/grpcsvc/story.go:377.16,378.40 1 0
voice/backend/story/internal/grpcsvc/story.go:378.40,380.4 1 0
voice/backend/story/internal/grpcsvc/story.go:381.3,381.56 1 0
voice/backend/story/internal/grpcsvc/story.go:383.2,383.42 1 1
voice/backend/story/internal/grpcsvc/story.go:383.42,385.3 1 0
voice/backend/story/internal/grpcsvc/story.go:386.2,386.38 1 1
voice/backend/story/internal/grpcsvc/story.go:386.38,388.3 1 1
voice/backend/story/internal/grpcsvc/story.go:389.2,390.16 2 1
voice/backend/story/internal/grpcsvc/story.go:390.16,392.3 1 0
voice/backend/story/internal/grpcsvc/story.go:393.2,397.16 2 1
voice/backend/story/internal/grpcsvc/story.go:397.16,399.3 1 0
voice/backend/story/internal/grpcsvc/story.go:400.2,403.8 1 1
voice/backend/story/internal/grpcsvc/story.go:406.122,408.16 2 1
voice/backend/story/internal/grpcsvc/story.go:408.16,410.3 1 0
voice/backend/story/internal/grpcsvc/story.go:411.2,412.49 2 1
voice/backend/story/internal/grpcsvc/story.go:412.49,414.22 2 1
voice/backend/story/internal/grpcsvc/story.go:414.22,416.4 1 0
voice/backend/story/internal/grpcsvc/story.go:417.3,417.18 1 1
voice/backend/story/internal/grpcsvc/story.go:419.2,419.25 1 1
voice/backend/story/internal/grpcsvc/story.go:419.25,421.3 1 1
voice/backend/story/internal/grpcsvc/story.go:422.2,423.16 2 1
voice/backend/story/internal/grpcsvc/story.go:423.16,425.3 1 0
voice/backend/story/internal/grpcsvc/story.go:426.2,427.22 2 1
voice/backend/story/internal/grpcsvc/story.go:427.22,429.3 1 1
voice/backend/story/internal/grpcsvc/story.go:430.2,430.90 1 1
voice/backend/story/internal/grpcsvc/story.go:433.137,435.16 2 1
voice/backend/story/internal/grpcsvc/story.go:435.16,437.3 1 0
voice/backend/story/internal/grpcsvc/story.go:438.2,439.16 2 1
voice/backend/story/internal/grpcsvc/story.go:439.16,441.3 1 1
voice/backend/story/internal/grpcsvc/story.go:442.2,443.16 2 1
voice/backend/story/internal/grpcsvc/story.go:443.16,445.3 1 0
voice/backend/story/internal/grpcsvc/story.go:446.2,446.21 1 1
voice/backend/story/internal/grpcsvc/story.go:446.21,448.3 1 0
voice/backend/story/internal/grpcsvc/story.go:449.2,449.80 1 1
voice/backend/story/internal/grpcsvc/story.go:452.137,454.16 2 1
voice/backend/story/internal/grpcsvc/story.go:454.16,456.3 1 0
voice/backend/story/internal/grpcsvc/story.go:457.2,458.16 2 1
voice/backend/story/internal/grpcsvc/story.go:458.16,460.3 1 1
voice/backend/story/internal/grpcsvc/story.go:461.2,463.36 3 1
voice/backend/story/internal/grpcsvc/story.go:463.36,465.3 1 1
voice/backend/story/internal/grpcsvc/story.go:466.2,467.16 2 1
voice/backend/story/internal/grpcsvc/story.go:467.16,468.40 1 1
voice/backend/story/internal/grpcsvc/story.go:468.40,470.4 1 1
voice/backend/story/internal/grpcsvc/story.go:471.3,471.56 1 0
voice/backend/story/internal/grpcsvc/story.go:473.2,473.80 1 1
voice/backend/story/internal/grpcsvc/story.go:476.137,478.16 2 1
voice/backend/story/internal/grpcsvc/story.go:478.16,480.3 1 0
voice/backend/story/internal/grpcsvc/story.go:481.2,482.16 2 1
voice/backend/story/internal/grpcsvc/story.go:482.16,484.3 1 1
voice/backend/story/internal/grpcsvc/story.go:485.2,485.77 1 1
voice/backend/story/internal/grpcsvc/story.go:485.77,486.40 1 0
voice/backend/story/internal/grpcsvc/story.go:486.40,488.4 1 0
voice/backend/story/internal/grpcsvc/story.go:489.3,489.56 1 0
voice/backend/story/internal/grpcsvc/story.go:491.2,491.48 1 1
voice/backend/story/internal/grpcsvc/story.go:494.134,496.16 2 1
voice/backend/story/internal/grpcsvc/story.go:496.16,498.3 1 0
voice/backend/story/internal/grpcsvc/story.go:499.2,500.16 2 1
voice/backend/story/internal/grpcsvc/story.go:500.16,502.3 1 1
voice/backend/story/internal/grpcsvc/story.go:503.2,504.16 2 1
voice/backend/story/internal/grpcsvc/story.go:504.16,506.3 1 0
voice/backend/story/internal/grpcsvc/story.go:507.2,507.85 1 1
voice/backend/story/internal/grpcsvc/story.go:507.85,508.40 1 1
voice/backend/story/internal/grpcsvc/story.go:508.40,510.4 1 0
voice/backend/story/internal/grpcsvc/story.go:511.3,511.41 1 1
voice/backend/story/internal/grpcsvc/story.go:511.41,513.4 1 1
voice/backend/story/internal/grpcsvc/story.go:514.3,514.56 1 0
voice/backend/story/internal/grpcsvc/story.go:516.2,516.47 1 1
voice/backend/story/internal/grpcsvc/story.go:519.149,521.16 2 1
voice/backend/story/internal/grpcsvc/story.go:521.16,523.3 1 0
voice/backend/story/internal/grpcsvc/story.go:524.2,525.16 2 1
voice/backend/story/internal/grpcsvc/story.go:525.16,527.3 1 1
voice/backend/story/internal/grpcsvc/story.go:528.2,529.16 2 1
voice/backend/story/internal/grpcsvc/story.go:529.16,531.3 1 0
voice/backend/story/internal/grpcsvc/story.go:532.2,532.90 1 1
voice/backend/story/internal/grpcsvc/story.go:532.90,533.40 1 1
voice/backend/story/internal/grpcsvc/story.go:533.40,535.4 1 1
voice/backend/story/internal/grpcsvc/story.go:536.3,536.56 1 0
voice/backend/story/internal/grpcsvc/story.go:538.2,538.52 1 1
voice/backend/story/internal/grpcsvc/story.go:541.131,543.16 2 1
voice/backend/story/internal/grpcsvc/story.go:543.16,545.3 1 0
voice/backend/story/internal/grpcsvc/story.go:546.2,547.16 2 1
voice/backend/story/internal/grpcsvc/story.go:547.16,549.3 1 1
voice/backend/story/internal/grpcsvc/story.go:550.2,551.16 2 1
voice/backend/story/internal/grpcsvc/story.go:551.16,553.3 1 0
voice/backend/story/internal/grpcsvc/story.go:554.2,555.22 2 1
voice/backend/story/internal/grpcsvc/story.go:555.22,556.50 1 1
voice/backend/story/internal/grpcsvc/story.go:556.50,558.4 1 1
voice/backend/story/internal/grpcsvc/story.go:560.2,562.8 1 1
voice/backend/story/internal/grpcsvc/story.go:565.155,567.16 2 1
voice/backend/story/internal/grpcsvc/story.go:567.16,569.3 1 0
voice/backend/story/internal/grpcsvc/story.go:570.2,571.20 2 1
voice/backend/story/internal/grpcsvc/story.go:571.20,573.3 1 1
voice/backend/story/internal/grpcsvc/story.go:574.2,575.16 2 1
voice/backend/story/internal/grpcsvc/story.go:575.16,577.3 1 1
voice/backend/story/internal/grpcsvc/story.go:578.2,579.81 2 1
voice/backend/story/internal/grpcsvc/story.go:579.81,581.3 1 1
voice/backend/story/internal/grpcsvc/story.go:582.2,583.73 2 1
voice/backend/story/internal/grpcsvc/story.go:583.73,585.22 2 0
voice/backend/story/internal/grpcsvc/story.go:585.22,587.4 1 0
voice/backend/story/internal/grpcsvc/story.go:588.3,588.20 1 0
voice/backend/story/internal/grpcsvc/story.go:590.2,598.16 2 1
voice/backend/story/internal/grpcsvc/story.go:598.16,600.3 1 0
voice/backend/story/internal/grpcsvc/story.go:601.2,601.21 1 1
voice/backend/story/internal/grpcsvc/story.go:601.21,603.3 1 0
voice/backend/story/internal/grpcsvc/story.go:604.2,604.96 1 1
voice/backend/story/internal/grpcsvc/story.go:607.101,608.16 1 1
voice/backend/story/internal/grpcsvc/story.go:608.16,610.3 1 0
voice/backend/story/internal/grpcsvc/story.go:611.2,611.37 1 1
voice/backend/story/internal/grpcsvc/story.go:611.37,613.3 1 1
voice/backend/story/internal/grpcsvc/story.go:614.2,614.24 1 1
voice/backend/story/internal/grpcsvc/story.go:615.18,616.14 1 1
voice/backend/story/internal/grpcsvc/story.go:617.17,618.23 1 1
voice/backend/story/internal/grpcsvc/story.go:618.23,620.4 1 1
voice/backend/story/internal/grpcsvc/story.go:621.3,622.26 2 1
voice/backend/story/internal/grpcsvc/story.go:623.10,624.15 1 1
voice/backend/story/internal/grpcsvc/story.go:628.109,629.16 1 1
voice/backend/story/internal/grpcsvc/story.go:629.16,631.3 1 0
voice/backend/story/internal/grpcsvc/story.go:632.2,632.31 1 1
voice/backend/story/internal/grpcsvc/story.go:632.31,634.3 1 1
voice/backend/story/internal/grpcsvc/story.go:635.2,635.24 1 1
voice/backend/story/internal/grpcsvc/story.go:636.18,637.14 1 1
voice/backend/story/internal/grpcsvc/story.go:638.17,639.23 1 1
voice/backend/story/internal/grpcsvc/story.go:639.23,641.4 1 1
voice/backend/story/internal/grpcsvc/story.go:642.3,643.26 2 0
voice/backend/story/internal/grpcsvc/story.go:644.10,645.15 1 0
voice/backend/story/internal/grpcsvc/story.go:649.88,650.22 1 1
voice/backend/story/internal/grpcsvc/story.go:650.22,652.17 2 1
voice/backend/story/internal/grpcsvc/story.go:652.17,654.4 1 1
voice/backend/story/internal/grpcsvc/story.go:656.2,656.57 1 1
voice/backend/story/internal/grpcsvc/story.go:659.82,661.16 2 1
voice/backend/story/internal/grpcsvc/story.go:661.16,663.3 1 0
voice/backend/story/internal/grpcsvc/story.go:664.2,664.37 1 1
voice/backend/story/internal/grpcsvc/story.go:664.37,666.3 1 1
voice/backend/story/internal/grpcsvc/story.go:667.2,667.12 1 1
voice/backend/story/internal/grpcsvc/story.go:670.53,671.16 1 1
voice/backend/story/internal/grpcsvc/story.go:671.16,673.3 1 0
voice/backend/story/internal/grpcsvc/story.go:674.2,690.28 2 1
voice/backend/story/internal/grpcsvc/story.go:690.28,693.3 2 1
voice/backend/story/internal/grpcsvc/story.go:694.2,694.26 1 1
voice/backend/story/internal/grpcsvc/story.go:694.26,696.3 1 0
voice/backend/story/internal/grpcsvc/story.go:697.2,697.12 1 1
voice/backend/story/internal/grpcsvc/story.go:700.67,701.16 1 1
voice/backend/story/internal/grpcsvc/story.go:701.16,703.3 1 0
voice/backend/story/internal/grpcsvc/story.go:704.2,705.34 2 1
voice/backend/story/internal/grpcsvc/story.go:705.34,707.3 1 1
voice/backend/story/internal/grpcsvc/story.go:708.2,714.3 1 1
voice/backend/story/internal/grpcsvc/story.go:717.79,718.23 1 1
voice/backend/story/internal/grpcsvc/story.go:718.23,720.3 1 1
voice/backend/story/internal/grpcsvc/story.go:721.2,723.29 3 1
voice/backend/story/internal/grpcsvc/story.go:723.29,724.80 1 1
voice/backend/story/internal/grpcsvc/story.go:724.80,727.4 2 1
voice/backend/story/internal/grpcsvc/story.go:728.3,728.48 1 1
voice/backend/story/internal/grpcsvc/story.go:730.2,730.15 1 1
voice/backend/story/internal/grpcsvc/story.go:733.44,735.26 2 1
voice/backend/story/internal/grpcsvc/story.go:735.26,737.17 2 1
voice/backend/story/internal/grpcsvc/story.go:737.17,738.12 1 0
voice/backend/story/internal/grpcsvc/story.go:740.3,740.37 1 1
voice/backend/story/internal/grpcsvc/story.go:742.2,743.16 2 1
voice/backend/story/internal/grpcsvc/story.go:743.16,745.3 1 0
voice/backend/story/internal/grpcsvc/story.go:746.2,746.18 1 1
voice/backend/story/internal/grpcsvc/story.go:749.67,751.9 2 1
voice/backend/story/internal/grpcsvc/story.go:751.9,753.3 1 0
voice/backend/story/internal/grpcsvc/story.go:754.2,755.37 2 1
voice/backend/story/internal/grpcsvc/story.go:755.37,757.3 1 0
voice/backend/story/internal/grpcsvc/story.go:758.2,758.28 1 1
voice/backend/story/internal/grpcsvc/story.go:765.60,767.61 2 1
voice/backend/story/internal/grpcsvc/story.go:767.61,769.3 1 1
voice/backend/story/internal/grpcsvc/story.go:770.2,771.13 2 1
voice/backend/story/internal/grpcsvc/story.go:771.13,773.3 1 1
voice/backend/story/internal/grpcsvc/story.go:774.2,774.11 1 1
voice/backend/story/internal/grpcsvc/story.go:775.39,776.16 1 1
voice/backend/story/internal/grpcsvc/story.go:777.10,778.50 1 1
voice/backend/story/internal/grpcsvc/story.go:782.57,783.28 1 1
voice/backend/story/internal/grpcsvc/story.go:783.28,785.3 1 1
voice/backend/story/internal/grpcsvc/story.go:786.2,786.18 1 1
voice/backend/story/internal/grpcsvc/story.go:786.18,788.3 1 0
voice/backend/story/internal/grpcsvc/story.go:789.2,789.18 1 1
voice/backend/story/internal/grpcsvc/story.go:792.46,793.30 1 1
voice/backend/story/internal/grpcsvc/story.go:794.18,795.11 1 1
voice/backend/story/internal/grpcsvc/story.go:796.17,797.11 1 1
voice/backend/story/internal/grpcsvc/story.go:798.10,799.11 1 1
voice/backend/story/internal/grpcsvc/story.go:803.91,804.49 1 1
voice/backend/story/internal/grpcsvc/story.go:804.49,806.3 1 1
voice/backend/story/internal/grpcsvc/story.go:807.2,807.45 1 1
voice/backend/story/internal/grpcsvc/story.go:807.45,809.3 1 1
voice/backend/story/internal/grpcsvc/story.go:810.2,810.11 1 1
voice/backend/story/internal/grpcsvc/story.go:813.60,814.11 1 1
voice/backend/story/internal/grpcsvc/story.go:815.53,816.17 1 1
voice/backend/story/internal/grpcsvc/story.go:817.53,818.17 1 1
voice/backend/story/internal/grpcsvc/story.go:819.52,820.16 1 0
voice/backend/story/internal/grpcsvc/story.go:821.10,822.12 1 1
voice/backend/story/internal/grpcsvc/story.go:826.58,827.11 1 1
voice/backend/story/internal/grpcsvc/story.go:828.51,829.20 1 1
voice/backend/story/internal/grpcsvc/story.go:830.52,831.19 1 1
voice/backend/story/internal/grpcsvc/story.go:832.10,833.12 1 1
